# JRE version: 6.0_35-b35
# Java VM: OpenJDK 64-Bit Server VM (23.25-b01 mixed mode linux-amd64 compressed oops)
Heap
 PSYoungGen      total 33152K, used 23904K [0x00000007d7000000, 0x00000007d99c0000, 0x0000000800000000)
  eden space 29312K, 68% used [0x00000007d7000000,0x00000007d839c190,0x00000007d8ca0000)
  from space 3840K, 99% used [0x00000007d8de0000,0x00000007d919c010,0x00000007d91a0000)
  to   space 6720K, 0% used [0x00000007d9330000,0x00000007d9330000,0x00000007d99c0000)
 ParOldGen       total 83968K, used 5488K [0x0000000785000000, 0x000000078a200000, 0x00000007d7000000)
  object space 83968K, 6% used [0x0000000785000000,0x000000078555c310,0x000000078a200000)
 PSPermGen       total 21248K, used 15163K [0x000000077aa00000, 0x000000077bec0000, 0x0000000785000000)
  object space 21248K, 71% used [0x000000077aa00000,0x000000077b8ceec8,0x000000077bec0000)
GC Heap History (10 events):
Event: 58.321 GC heap before
{Heap before GC invocations=3 (full 0):
 PSYoungGen      total 36736K, used 34244K [0x00000007d7000000, 0x00000007d9900000, 0x0000000800000000)
  eden space 31488K, 100% used [0x00000007d7000000,0x00000007d8ec0000,0x00000007d8ec0000)
  from space 5248K, 52% used [0x00000007d93e0000,0x00000007d9691040,0x00000007d9900000)
  to   space 5248K, 0% used [0x00000007d8ec0000,0x00000007d8ec0000,0x00000007d93e0000)
 ParOldGen       total 83968K, used 16K [0x0000000785000000, 0x000000078a200000, 0x00000007d7000000)
  object space 83968K, 0% used [0x0000000785000000,0x0000000785004000,0x000000078a200000)
 PSPermGen       total 21248K, used 14664K [0x000000077aa00000, 0x000000077bec0000, 0x0000000785000000)
  object space 21248K, 69% used [0x000000077aa00000,0x000000077b8521f8,0x000000077bec0000)
Event: 58.325 GC heap after
Heap after GC invocations=3 (full 0):
 PSYoungGen      total 36736K, used 3076K [0x00000007d7000000, 0x00000007d9900000, 0x0000000800000000)
  eden space 31488K, 0% used [0x00000007d7000000,0x00000007d7000000,0x00000007d8ec0000)
  from space 5248K, 58% used [0x00000007d8ec0000,0x00000007d91c1060,0x00000007d93e0000)
  to   space 5248K, 0% used [0x00000007d93e0000,0x00000007d93e0000,0x00000007d9900000)
 ParOldGen       total 83968K, used 24K [0x0000000785000000, 0x000000078a200000, 0x00000007d7000000)
  object space 83968K, 0% used [0x0000000785000000,0x0000000785006000,0x000000078a200000)
 PSPermGen       total 21248K, used 14664K [0x000000077aa00000, 0x000000077bec0000, 0x0000000785000000)
  object space 21248K, 69% used [0x000000077aa00000,0x000000077b8521f8,0x000000077bec0000)
}
Event: 103.579 GC heap before
{Heap before GC invocations=4 (full 0):
 PSYoungGen      total 36736K, used 34564K [0x00000007d7000000, 0x00000007d9900000, 0x0000000800000000)
  eden space 31488K, 100% used [0x00000007d7000000,0x00000007d8ec0000,0x00000007d8ec0000)
  from space 5248K, 58% used [0x00000007d8ec0000,0x00000007d91c1060,0x00000007d93e0000)
  to   space 5248K, 0% used [0x00000007d93e0000,0x00000007d93e0000,0x00000007d9900000)
 ParOldGen       total 83968K, used 24K [0x0000000785000000, 0x000000078a200000, 0x00000007d7000000)
  object space 83968K, 0% used [0x0000000785000000,0x0000000785006000,0x000000078a200000)
 PSPermGen       total 21248K, used 14915K [0x000000077aa00000, 0x000000077bec0000, 0x0000000785000000)
  object space 21248K, 70% used [0x000000077aa00000,0x000000077b890c40,0x000000077bec0000)
Event: 103.585 GC heap after
Heap after GC invocations=4 (full 0):
 PSYoungGen      total 36736K, used 3164K [0x00000007d7000000, 0x00000007d9900000, 0x0000000800000000)
  eden space 31488K, 0% used [0x00000007d7000000,0x00000007d7000000,0x00000007d8ec0000)
  from space 5248K, 60% used [0x00000007d93e0000,0x00000007d96f7070,0x00000007d9900000)
  to   space 5248K, 0% used [0x00000007d8ec0000,0x00000007d8ec0000,0x00000007d93e0000)
 ParOldGen       total 83968K, used 32K [0x0000000785000000, 0x000000078a200000, 0x00000007d7000000)
  object space 83968K, 0% used [0x0000000785000000,0x0000000785008000,0x000000078a200000)
 PSPermGen       total 21248K, used 14915K [0x000000077aa00000, 0x000000077bec0000, 0x0000000785000000)
  object space 21248K, 70% used [0x000000077aa00000,0x000000077b890c40,0x000000077bec0000)
}
Event: 139.368 GC heap before
{Heap before GC invocations=5 (full 0):
 PSYoungGen      total 36736K, used 34652K [0x00000007d7000000, 0x00000007d9900000, 0x0000000800000000)
  eden space 31488K, 100% used [0x00000007d7000000,0x00000007d8ec0000,0x00000007d8ec0000)
  from space 5248K, 60% used [0x00000007d93e0000,0x00000007d96f7070,0x00000007d9900000)
  to   space 5248K, 0% used [0x00000007d8ec0000,0x00000007d8ec0000,0x00000007d93e0000)
 ParOldGen       total 83968K, used 32K [0x0000000785000000, 0x000000078a200000, 0x00000007d7000000)
  object space 83968K, 0% used [0x0000000785000000,0x0000000785008000,0x000000078a200000)
 PSPermGen       total 21248K, used 15066K [0x000000077aa00000, 0x000000077bec0000, 0x0000000785000000)
  object space 21248K, 70% used [0x000000077aa00000,0x000000077b8b6bf8,0x000000077bec0000)
Event: 139.372 GC heap after
Heap after GC invocations=5 (full 0):
 PSYoungGen      total 34368K, used 3620K [0x00000007d7000000, 0x00000007d9560000, 0x0000000800000000)
  eden space 30720K, 0% used [0x00000007d7000000,0x00000007d7000000,0x00000007d8e00000)
  from space 3648K, 99% used [0x00000007d8ec0000,0x00000007d9249040,0x00000007d9250000)
  to   space 3136K, 0% used [0x00000007d9250000,0x00000007d9250000,0x00000007d9560000)
 ParOldGen       total 83968K, used 40K [0x0000000785000000, 0x000000078a200000, 0x00000007d7000000)
  object space 83968K, 0% used [0x0000000785000000,0x000000078500a000,0x000000078a200000)
 PSPermGen       total 21248K, used 15066K [0x000000077aa00000, 0x000000077bec0000, 0x0000000785000000)
  object space 21248K, 70% used [0x000000077aa00000,0x000000077b8b6bf8,0x000000077bec0000)
}
Event: 188.211 GC heap before
{Heap before GC invocations=6 (full 0):
 PSYoungGen      total 34368K, used 34340K [0x00000007d7000000, 0x00000007d9560000, 0x0000000800000000)
  eden space 30720K, 100% used [0x00000007d7000000,0x00000007d8e00000,0x00000007d8e00000)
  from space 3648K, 99% used [0x00000007d8ec0000,0x00000007d9249040,0x00000007d9250000)
  to   space 3136K, 0% used [0x00000007d9250000,0x00000007d9250000,0x00000007d9560000)
 ParOldGen       total 83968K, used 40K [0x0000000785000000, 0x000000078a200000, 0x00000007d7000000)
  object space 83968K, 0% used [0x0000000785000000,0x000000078500a020,0x000000078a200000)
 PSPermGen       total 21248K, used 15140K [0x000000077aa00000, 0x000000077bec0000, 0x0000000785000000)
  object space 21248K, 71% used [0x000000077aa00000,0x000000077b8c93d0,0x000000077bec0000)
Event: 188.215 GC heap after
Heap after GC invocations=6 (full 0):
 PSYoungGen      total 33152K, used 3130K [0x00000007d7000000, 0x00000007d9560000, 0x0000000800000000)
  eden space 30016K, 0% used [0x00000007d7000000,0x00000007d7000000,0x00000007d8d50000)
  from space 3136K, 99% used [0x00000007d9250000,0x00000007d955e840,0x00000007d9560000)
  to   space 3840K, 0% used [0x00000007d8de0000,0x00000007d8de0000,0x00000007d91a0000)
 ParOldGen       total 83968K, used 264K [0x0000000785000000, 0x000000078a200000, 0x00000007d7000000)
  object space 83968K, 0% used [0x0000000785000000,0x0000000785042300,0x000000078a200000)
 PSPermGen       total 21248K, used 15140K [0x000000077aa00000, 0x000000077bec0000, 0x0000000785000000)
  object space 21248K, 71% used [0x000000077aa00000,0x000000077b8c93d0,0x000000077bec0000)
}
Event: 193.396 GC heap before
{Heap before GC invocations=7 (full 0):
 PSYoungGen      total 33152K, used 33146K [0x00000007d7000000, 0x00000007d9560000, 0x0000000800000000)
  eden space 30016K, 100% used [0x00000007d7000000,0x00000007d8d50000,0x00000007d8d50000)
  from space 3136K, 99% used [0x00000007d9250000,0x00000007d955e840,0x00000007d9560000)
  to   space 3840K, 0% used [0x00000007d8de0000,0x00000007d8de0000,0x00000007d91a0000)
 ParOldGen       total 83968K, used 285K [0x0000000785000000, 0x000000078a200000, 0x00000007d7000000)
  object space 83968K, 0% used [0x0000000785000000,0x00000007850476a0,0x000000078a200000)
 PSPermGen       total 21248K, used 15156K [0x000000077aa00000, 0x000000077bec0000, 0x0000000785000000)
  object space 21248K, 71% used [0x000000077aa00000,0x000000077b8cd188,0x000000077bec0000)
Event: 193.407 GC heap after
Heap after GC invocations=7 (full 0):
 PSYoungGen      total 33152K, used 3824K [0x00000007d7000000, 0x00000007d99c0000, 0x0000000800000000)
  eden space 29312K, 0% used [0x00000007d7000000,0x00000007d7000000,0x00000007d8ca0000)
  from space 3840K, 99% used [0x00000007d8de0000,0x00000007d919c010,0x00000007d91a0000)
  to   space 6720K, 0% used [0x00000007d9330000,0x00000007d9330000,0x00000007d99c0000)
 ParOldGen       total 83968K, used 5488K [0x0000000785000000, 0x000000078a200000, 0x00000007d7000000)
  object space 83968K, 6% used [0x0000000785000000,0x000000078555c310,0x000000078a200000)
 PSPermGen       total 21248K, used 15156K [0x000000077aa00000, 0x000000077bec0000, 0x0000000785000000)
  object space 21248K, 71% used [0x000000077aa00000,0x000000077b8cd188,0x000000077bec0000)
}

